May 11, 2016 4:27:47 PM xsdvi.XsdVi main
INFO: Using external style xsdvi.css
May 11, 2016 4:27:48 PM xsdvi.XsdVi main
INFO: Generating style xsdvi.css...
May 11, 2016 4:27:48 PM xsdvi.XsdVi main
INFO: Done.
May 11, 2016 4:27:48 PM xsdvi.XsdVi main
INFO: Parsing examples/xsd/ipo.xsd...
May 11, 2016 4:27:48 PM xsdvi.XsdVi main
INFO: Processing XML Schema model...
May 11, 2016 4:27:48 PM xsdvi.XsdVi main
INFO: Drawing SVG ipo.svg...
May 11, 2016 4:27:48 PM xsdvi.XsdVi main
INFO: Done.
May 11, 2016 4:27:48 PM xsdvi.XsdVi main
INFO: Parsing examples/xsd/skupina.xsd...
May 11, 2016 4:27:48 PM xsdvi.XsdVi main
INFO: Processing XML Schema model...
May 11, 2016 4:27:48 PM xsdvi.XsdVi main
INFO: Drawing SVG skupina.svg...
May 11, 2016 4:27:48 PM xsdvi.XsdVi main
INFO: Done.
May 11, 2016 4:27:48 PM xsdvi.XsdVi main
INFO: Parsing examples/xsd/mix.xsd...
May 11, 2016 4:27:48 PM xsdvi.XsdVi main
INFO: Processing XML Schema model...
May 11, 2016 4:27:48 PM xsdvi.XsdVi main
INFO: Drawing SVG mix.svg...
May 11, 2016 4:27:48 PM xsdvi.XsdVi main
INFO: Done.
May 11, 2016 4:27:48 PM xsdvi.XsdVi main
INFO: Parsing examples/xsd/faktura.xsd...
May 11, 2016 4:27:48 PM xsdvi.XsdVi main
INFO: Processing XML Schema model...
May 11, 2016 4:27:48 PM xsdvi.XsdVi main
INFO: Drawing SVG faktura.svg...
May 11, 2016 4:27:48 PM xsdvi.XsdVi main
INFO: Done.
May 11, 2016 4:28:46 PM xsdvi.XsdVi main
INFO: Using external style xsdvi.css
May 11, 2016 4:28:46 PM xsdvi.XsdVi main
INFO: Generating style xsdvi.css...
May 11, 2016 4:28:46 PM xsdvi.XsdVi main
INFO: Done.
May 11, 2016 4:28:46 PM xsdvi.XsdVi main
INFO: Parsing examples/xsd/ipo.xsd...
May 11, 2016 4:28:46 PM xsdvi.XsdVi main
INFO: Processing XML Schema model...
May 11, 2016 4:28:46 PM xsdvi.XsdVi main
INFO: Drawing SVG ipo.svg...
May 11, 2016 4:28:46 PM xsdvi.XsdVi main
INFO: Done.
May 11, 2016 4:28:46 PM xsdvi.XsdVi main
INFO: Parsing examples/xsd/skupina.xsd...
May 11, 2016 4:28:46 PM xsdvi.XsdVi main
INFO: Processing XML Schema model...
May 11, 2016 4:28:46 PM xsdvi.XsdVi main
INFO: Drawing SVG skupina.svg...
May 11, 2016 4:28:46 PM xsdvi.XsdVi main
INFO: Done.
May 11, 2016 4:28:46 PM xsdvi.XsdVi main
INFO: Parsing examples/xsd/mix.xsd...
May 11, 2016 4:28:46 PM xsdvi.XsdVi main
INFO: Processing XML Schema model...
May 11, 2016 4:28:46 PM xsdvi.XsdVi main
INFO: Drawing SVG mix.svg...
May 11, 2016 4:28:46 PM xsdvi.XsdVi main
INFO: Done.
May 11, 2016 4:28:46 PM xsdvi.XsdVi main
INFO: Parsing examples/xsd/faktura.xsd...
May 11, 2016 4:28:46 PM xsdvi.XsdVi main
INFO: Processing XML Schema model...
May 11, 2016 4:28:46 PM xsdvi.XsdVi main
INFO: Drawing SVG faktura.svg...
May 11, 2016 4:28:46 PM xsdvi.XsdVi main
INFO: Done.
May 11, 2016 4:31:42 PM xsdvi.XsdVi main
INFO: Using external style xsdvi.css
May 11, 2016 4:31:42 PM xsdvi.XsdVi main
INFO: Generating style xsdvi.css...
May 11, 2016 4:31:42 PM xsdvi.XsdVi main
INFO: Done.
May 11, 2016 4:31:42 PM xsdvi.XsdVi main
INFO: Parsing examples/xsd/xmlSchema.xsd...
May 11, 2016 4:31:42 PM xsdvi.XsdVi main
INFO: Processing XML Schema model...
May 11, 2016 4:31:42 PM xsdvi.XsdVi main
INFO: Drawing SVG xmlSchema.svg...
May 11, 2016 4:31:42 PM xsdvi.XsdVi main
INFO: Done.
